<?xml version="1.0" encoding="UTF-8"?>
<!-- Generated by org.testng.reporters.JUnitReportReporter -->
<testsuite hostname="DESKTOP-ES7VNII" failures="0" tests="1" name="com.inetbankingV1.testcases.TC_AddcustomerTest_003" time="9.981" errors="0" timestamp="2024-09-09T11:41:10 IST" skipped="0">
  <testcase classname="com.inetbankingV1.testcases.TC_AddcustomerTest_003" name="addNewCustomer" time="9.981"/>
</testsuite> <!-- com.inetbankingV1.testcases.TC_AddcustomerTest_003 -->
